<?xml version="1.0" encoding="UTF-8"?>
<!-- Generated by org.testng.reporters.JUnitXMLReporter -->
<testsuite hostname="DESKTOP-FNF69NB" name="Default test" tests="2" failures="1" timestamp="1 Jun 2018 07:28:10 GMT" time="48.906" errors="0">
  <testcase name="doLogin" time="17.746" classname="com.w2a.zoho.rough.TestCase1"/>
  <testcase name="doLogin" time="48.858" classname="com.w2a.zoho.rough.TestCase1">
    <failure type="org.openqa.selenium.WebDriverException" message="Failed to connect to binary FirefoxBinary(C:\Program Files\Mozilla Firefox\firefox.exe) on port 7055; process output follows: 
Provider finished startup: GMPProvider
1527838047228	addons.manager	DEBUG	Starting provider: PluginProvider
1527838047228	addons.manager	DEBUG	Registering shutdown blocker for PluginProvider
1527838047229	addons.manager	DEBUG	Provider finished startup: PluginProvider
1527838047230	addons.manager	DEBUG	Completed startup sequence
Unable to read VR Path Registry from C:\Users\Selenium\AppData\Local\openvr\openvrpaths.vrpath
Unable to read VR Path Registry from C:\Users\Selenium\AppData\Local\openvr\openvrpaths.vrpath
Unable to read VR Path Registry from C:\Users\Selenium\AppData\Local\openvr\openvrpaths.vrpath
1527838050033	addons.repository	DEBUG	No addons.json found.
1527838050051	addons.manager	DEBUG	Starting provider: PreviousExperimentProvider
1527838050051	addons.manager	DEBUG	Registering shutdown blocker for PreviousExperimentProvider
1527838050051	addons.manager	DEBUG	Provider finished startup: PreviousExperimentProvider
Unable to read VR Path Registry from C:\Users\Selenium\AppData\Local\openvr\openvrpaths.vrpath
Unable to read VR Path Registry from C:\Users\Selenium\AppData\Local\openvr\openvrpaths.vrpath
1527838052231	addons.xpi	INFO	Mapping fxdriver@googlecode.com to C:\Users\Selenium\AppData\Local\Temp\anonymous5437855885403180795webdriver-profile\extensions\fxdriver@googlecode.com
1527838052234	addons.xpi	DEBUG	Ignoring file entry whose name is not a valid add-on ID: C:\Users\Selenium\AppData\Local\Temp\anonymous5437855885403180795webdriver-profile\extensions\webdriver-staging
1527838052235	addons.xpi	DEBUG	Existing add-on fxdriver@googlecode.com in app-profile
1527838052236	addons.xpi	INFO	Mapping activity-stream@mozilla.org to C:\Program Files\Mozilla Firefox\browser\features\activity-stream@mozilla.org.xpi
1527838052236	addons.xpi	INFO	Mapping aushelper@mozilla.org to C:\Program Files\Mozilla Firefox\browser\features\aushelper@mozilla.org.xpi
1527838052237	addons.xpi	INFO	Mapping firefox@getpocket.com to C:\Program Files\Mozilla Firefox\browser\features\firefox@getpocket.com.xpi
1527838052237	addons.xpi	INFO	Mapping followonsearch@mozilla.com to C:\Program Files\Mozilla Firefox\browser\features\followonsearch@mozilla.com.xpi
1527838052237	addons.xpi	INFO	Mapping formautofill@mozilla.org to C:\Program Files\Mozilla Firefox\browser\features\formautofill@mozilla.org.xpi
1527838052237	addons.xpi	INFO	Mapping onboarding@mozilla.org to C:\Program Files\Mozilla Firefox\browser\features\onboarding@mozilla.org.xpi
1527838052237	addons.xpi	INFO	Mapping screenshots@mozilla.org to C:\Program Files\Mozilla Firefox\browser\features\screenshots@mozilla.org.xpi
1527838052237	addons.xpi	INFO	Mapping webcompat@mozilla.org to C:\Program Files\Mozilla Firefox\browser\features\webcompat@mozilla.org.xpi
1527838052238	addons.xpi	DEBUG	Existing add-on activity-stream@mozilla.org in app-system-defaults
1527838052238	addons.xpi	DEBUG	Existing add-on aushelper@mozilla.org in app-system-defaults
1527838052239	addons.xpi	DEBUG	Existing add-on firefox@getpocket.com in app-system-defaults
1527838052239	addons.xpi	DEBUG	Existing add-on followonsearch@mozilla.com in app-system-defaults
1527838052242	addons.xpi	DEBUG	Existing add-on formautofill@mozilla.org in app-system-defaults
1527838052242	addons.xpi	DEBUG	Existing add-on onboarding@mozilla.org in app-system-defaults
1527838052242	addons.xpi	DEBUG	Existing add-on screenshots@mozilla.org in app-system-defaults
1527838052243	addons.xpi	DEBUG	Existing add-on webcompat@mozilla.org in app-system-defaults
1527838052244	addons.xpi	DEBUG	Existing add-on mozilla_cc2@internetdownloadmanager.com in winreg-app-user
1527838052247	addons.xpi	DEBUG	Existing add-on mozilla_cc3@internetdownloadmanager.com in winreg-app-user
1527838052248	addons.xpi	INFO	Mapping {972ce4c6-7e08-4474-a285-3208198ce6fd} to C:\Program Files\Mozilla Firefox\browser\extensions\{972ce4c6-7e08-4474-a285-3208198ce6fd}.xpi
1527838052249	addons.xpi	DEBUG	Existing add-on {972ce4c6-7e08-4474-a285-3208198ce6fd} in app-global
1527838052249	addons.xpi	DEBUG	getInstallState changed: false, state: {}

Build info: version: &amp;apos;2.53.1&amp;apos;, revision: &amp;apos;a36b8b1cd5757287168e54b817830adce9b0158d&amp;apos;, time: &amp;apos;2016-06-30 19:26:09&amp;apos;
System info: host: &amp;apos;DESKTOP-FNF69NB&amp;apos;, ip: &amp;apos;192.168.1.12&amp;apos;, os.name: &amp;apos;Windows 10&amp;apos;, os.arch: &amp;apos;amd64&amp;apos;, os.version: &amp;apos;10.0&amp;apos;, java.version: &amp;apos;1.8.0_77&amp;apos;
Driver info: driver.version: FirefoxDriver">
      <![CDATA[org.openqa.selenium.WebDriverException: Failed to connect to binary FirefoxBinary(C:\Program Files\Mozilla Firefox\firefox.exe) on port 7055; process output follows: 
Provider finished startup: GMPProvider
1527838047228	addons.manager	DEBUG	Starting provider: PluginProvider
1527838047228	addons.manager	DEBUG	Registering shutdown blocker for PluginProvider
1527838047229	addons.manager	DEBUG	Provider finished startup: PluginProvider
1527838047230	addons.manager	DEBUG	Completed startup sequence
Unable to read VR Path Registry from C:\Users\Selenium\AppData\Local\openvr\openvrpaths.vrpath
Unable to read VR Path Registry from C:\Users\Selenium\AppData\Local\openvr\openvrpaths.vrpath
Unable to read VR Path Registry from C:\Users\Selenium\AppData\Local\openvr\openvrpaths.vrpath
1527838050033	addons.repository	DEBUG	No addons.json found.
1527838050051	addons.manager	DEBUG	Starting provider: PreviousExperimentProvider
1527838050051	addons.manager	DEBUG	Registering shutdown blocker for PreviousExperimentProvider
1527838050051	addons.manager	DEBUG	Provider finished startup: PreviousExperimentProvider
Unable to read VR Path Registry from C:\Users\Selenium\AppData\Local\openvr\openvrpaths.vrpath
Unable to read VR Path Registry from C:\Users\Selenium\AppData\Local\openvr\openvrpaths.vrpath
1527838052231	addons.xpi	INFO	Mapping fxdriver@googlecode.com to C:\Users\Selenium\AppData\Local\Temp\anonymous5437855885403180795webdriver-profile\extensions\fxdriver@googlecode.com
1527838052234	addons.xpi	DEBUG	Ignoring file entry whose name is not a valid add-on ID: C:\Users\Selenium\AppData\Local\Temp\anonymous5437855885403180795webdriver-profile\extensions\webdriver-staging
1527838052235	addons.xpi	DEBUG	Existing add-on fxdriver@googlecode.com in app-profile
1527838052236	addons.xpi	INFO	Mapping activity-stream@mozilla.org to C:\Program Files\Mozilla Firefox\browser\features\activity-stream@mozilla.org.xpi
1527838052236	addons.xpi	INFO	Mapping aushelper@mozilla.org to C:\Program Files\Mozilla Firefox\browser\features\aushelper@mozilla.org.xpi
1527838052237	addons.xpi	INFO	Mapping firefox@getpocket.com to C:\Program Files\Mozilla Firefox\browser\features\firefox@getpocket.com.xpi
1527838052237	addons.xpi	INFO	Mapping followonsearch@mozilla.com to C:\Program Files\Mozilla Firefox\browser\features\followonsearch@mozilla.com.xpi
1527838052237	addons.xpi	INFO	Mapping formautofill@mozilla.org to C:\Program Files\Mozilla Firefox\browser\features\formautofill@mozilla.org.xpi
1527838052237	addons.xpi	INFO	Mapping onboarding@mozilla.org to C:\Program Files\Mozilla Firefox\browser\features\onboarding@mozilla.org.xpi
1527838052237	addons.xpi	INFO	Mapping screenshots@mozilla.org to C:\Program Files\Mozilla Firefox\browser\features\screenshots@mozilla.org.xpi
1527838052237	addons.xpi	INFO	Mapping webcompat@mozilla.org to C:\Program Files\Mozilla Firefox\browser\features\webcompat@mozilla.org.xpi
1527838052238	addons.xpi	DEBUG	Existing add-on activity-stream@mozilla.org in app-system-defaults
1527838052238	addons.xpi	DEBUG	Existing add-on aushelper@mozilla.org in app-system-defaults
1527838052239	addons.xpi	DEBUG	Existing add-on firefox@getpocket.com in app-system-defaults
1527838052239	addons.xpi	DEBUG	Existing add-on followonsearch@mozilla.com in app-system-defaults
1527838052242	addons.xpi	DEBUG	Existing add-on formautofill@mozilla.org in app-system-defaults
1527838052242	addons.xpi	DEBUG	Existing add-on onboarding@mozilla.org in app-system-defaults
1527838052242	addons.xpi	DEBUG	Existing add-on screenshots@mozilla.org in app-system-defaults
1527838052243	addons.xpi	DEBUG	Existing add-on webcompat@mozilla.org in app-system-defaults
1527838052244	addons.xpi	DEBUG	Existing add-on mozilla_cc2@internetdownloadmanager.com in winreg-app-user
1527838052247	addons.xpi	DEBUG	Existing add-on mozilla_cc3@internetdownloadmanager.com in winreg-app-user
1527838052248	addons.xpi	INFO	Mapping {972ce4c6-7e08-4474-a285-3208198ce6fd} to C:\Program Files\Mozilla Firefox\browser\extensions\{972ce4c6-7e08-4474-a285-3208198ce6fd}.xpi
1527838052249	addons.xpi	DEBUG	Existing add-on {972ce4c6-7e08-4474-a285-3208198ce6fd} in app-global
1527838052249	addons.xpi	DEBUG	getInstallState changed: false, state: {}

Build info: version: '2.53.1', revision: 'a36b8b1cd5757287168e54b817830adce9b0158d', time: '2016-06-30 19:26:09'
System info: host: 'DESKTOP-FNF69NB', ip: '192.168.1.12', os.name: 'Windows 10', os.arch: 'amd64', os.version: '10.0', java.version: '1.8.0_77'
Driver info: driver.version: FirefoxDriver
	at org.openqa.selenium.firefox.internal.NewProfileExtensionConnection.start(NewProfileExtensionConnection.java:125)
	at org.openqa.selenium.firefox.FirefoxDriver.startClient(FirefoxDriver.java:271)
	at org.openqa.selenium.remote.RemoteWebDriver.<init>(RemoteWebDriver.java:119)
	at org.openqa.selenium.firefox.FirefoxDriver.<init>(FirefoxDriver.java:216)
	at org.openqa.selenium.firefox.FirefoxDriver.<init>(FirefoxDriver.java:211)
	at org.openqa.selenium.firefox.FirefoxDriver.<init>(FirefoxDriver.java:207)
	at org.openqa.selenium.firefox.FirefoxDriver.<init>(FirefoxDriver.java:120)
	at com.w2a.zoho.rough.BaseTest.openBrowser(BaseTest.java:45)
	at com.w2a.zoho.rough.TestCase1.doLogin(TestCase1.java:20)
	at sun.reflect.NativeMethodAccessorImpl.invoke0(Native Method)
	at sun.reflect.NativeMethodAccessorImpl.invoke(NativeMethodAccessorImpl.java:62)
	at sun.reflect.DelegatingMethodAccessorImpl.invoke(DelegatingMethodAccessorImpl.java:43)
	at java.lang.reflect.Method.invoke(Method.java:498)
	at org.testng.internal.MethodInvocationHelper.invokeMethod(MethodInvocationHelper.java:86)
	at org.testng.internal.Invoker.invokeMethod(Invoker.java:646)
	at org.testng.internal.Invoker.invokeTestMethod(Invoker.java:823)
	at org.testng.internal.TestMethodWithDataProviderMethodWorker.call(TestMethodWithDataProviderMethodWorker.java:75)
	at org.testng.internal.TestMethodWithDataProviderMethodWorker.call(TestMethodWithDataProviderMethodWorker.java:14)
	at java.util.concurrent.FutureTask.run(FutureTask.java:266)
	at java.util.concurrent.Executors$RunnableAdapter.call(Executors.java:511)
	at java.util.concurrent.FutureTask.run(FutureTask.java:266)
	at java.util.concurrent.ThreadPoolExecutor.runWorker(ThreadPoolExecutor.java:1142)
	at java.util.concurrent.ThreadPoolExecutor$Worker.run(ThreadPoolExecutor.java:617)
	at java.lang.Thread.run(Thread.java:745)
Caused by: org.openqa.selenium.firefox.NotConnectedException: Unable to connect to host 127.0.0.1 on port 7055 after 45000 ms. Firefox console output:
Provider finished startup: GMPProvider
1527838047228	addons.manager	DEBUG	Starting provider: PluginProvider
1527838047228	addons.manager	DEBUG	Registering shutdown blocker for PluginProvider
1527838047229	addons.manager	DEBUG	Provider finished startup: PluginProvider
1527838047230	addons.manager	DEBUG	Completed startup sequence
Unable to read VR Path Registry from C:\Users\Selenium\AppData\Local\openvr\openvrpaths.vrpath
Unable to read VR Path Registry from C:\Users\Selenium\AppData\Local\openvr\openvrpaths.vrpath
Unable to read VR Path Registry from C:\Users\Selenium\AppData\Local\openvr\openvrpaths.vrpath
1527838050033	addons.repository	DEBUG	No addons.json found.
1527838050051	addons.manager	DEBUG	Starting provider: PreviousExperimentProvider
1527838050051	addons.manager	DEBUG	Registering shutdown blocker for PreviousExperimentProvider
1527838050051	addons.manager	DEBUG	Provider finished startup: PreviousExperimentProvider
Unable to read VR Path Registry from C:\Users\Selenium\AppData\Local\openvr\openvrpaths.vrpath
Unable to read VR Path Registry from C:\Users\Selenium\AppData\Local\openvr\openvrpaths.vrpath
1527838052231	addons.xpi	INFO	Mapping fxdriver@googlecode.com to C:\Users\Selenium\AppData\Local\Temp\anonymous5437855885403180795webdriver-profile\extensions\fxdriver@googlecode.com
1527838052234	addons.xpi	DEBUG	Ignoring file entry whose name is not a valid add-on ID: C:\Users\Selenium\AppData\Local\Temp\anonymous5437855885403180795webdriver-profile\extensions\webdriver-staging
1527838052235	addons.xpi	DEBUG	Existing add-on fxdriver@googlecode.com in app-profile
1527838052236	addons.xpi	INFO	Mapping activity-stream@mozilla.org to C:\Program Files\Mozilla Firefox\browser\features\activity-stream@mozilla.org.xpi
1527838052236	addons.xpi	INFO	Mapping aushelper@mozilla.org to C:\Program Files\Mozilla Firefox\browser\features\aushelper@mozilla.org.xpi
1527838052237	addons.xpi	INFO	Mapping firefox@getpocket.com to C:\Program Files\Mozilla Firefox\browser\features\firefox@getpocket.com.xpi
1527838052237	addons.xpi	INFO	Mapping followonsearch@mozilla.com to C:\Program Files\Mozilla Firefox\browser\features\followonsearch@mozilla.com.xpi
1527838052237	addons.xpi	INFO	Mapping formautofill@mozilla.org to C:\Program Files\Mozilla Firefox\browser\features\formautofill@mozilla.org.xpi
1527838052237	addons.xpi	INFO	Mapping onboarding@mozilla.org to C:\Program Files\Mozilla Firefox\browser\features\onboarding@mozilla.org.xpi
1527838052237	addons.xpi	INFO	Mapping screenshots@mozilla.org to C:\Program Files\Mozilla Firefox\browser\features\screenshots@mozilla.org.xpi
1527838052237	addons.xpi	INFO	Mapping webcompat@mozilla.org to C:\Program Files\Mozilla Firefox\browser\features\webcompat@mozilla.org.xpi
1527838052238	addons.xpi	DEBUG	Existing add-on activity-stream@mozilla.org in app-system-defaults
1527838052238	addons.xpi	DEBUG	Existing add-on aushelper@mozilla.org in app-system-defaults
1527838052239	addons.xpi	DEBUG	Existing add-on firefox@getpocket.com in app-system-defaults
1527838052239	addons.xpi	DEBUG	Existing add-on followonsearch@mozilla.com in app-system-defaults
1527838052242	addons.xpi	DEBUG	Existing add-on formautofill@mozilla.org in app-system-defaults
1527838052242	addons.xpi	DEBUG	Existing add-on onboarding@mozilla.org in app-system-defaults
1527838052242	addons.xpi	DEBUG	Existing add-on screenshots@mozilla.org in app-system-defaults
1527838052243	addons.xpi	DEBUG	Existing add-on webcompat@mozilla.org in app-system-defaults
1527838052244	addons.xpi	DEBUG	Existing add-on mozilla_cc2@internetdownloadmanager.com in winreg-app-user
1527838052247	addons.xpi	DEBUG	Existing add-on mozilla_cc3@internetdownloadmanager.com in winreg-app-user
1527838052248	addons.xpi	INFO	Mapping {972ce4c6-7e08-4474-a285-3208198ce6fd} to C:\Program Files\Mozilla Firefox\browser\extensions\{972ce4c6-7e08-4474-a285-3208198ce6fd}.xpi
1527838052249	addons.xpi	DEBUG	Existing add-on {972ce4c6-7e08-4474-a285-3208198ce6fd} in app-global
1527838052249	addons.xpi	DEBUG	getInstallState changed: false, state: {}

	at org.openqa.selenium.firefox.internal.NewProfileExtensionConnection.start(NewProfileExtensionConnection.java:113)
	... 23 more
]]>
    </failure>
  </testcase> <!-- doLogin -->
</testsuite> <!-- Default test -->
